<?xml version="1.0" encoding="UTF-8"?>
<!-- Generated by org.testng.reporters.JUnitReportReporter -->
<testsuite hostname="Admin-PC" name="testcases.LoginTestCase1" tests="1" failures="0" timestamp="18 Feb 2017 06:34:30 GMT" time="14.358" errors="0">
  <testcase name="verifyLogin" time="14.358" classname="testcases.LoginTestCase1"/>
</testsuite> <!-- testcases.LoginTestCase1 -->
