<?xml version="1.0" encoding="UTF-8"?>
<!-- Generated by org.testng.reporters.JUnitReportReporter -->
<testsuite hostname="Admin-PC" name="demo.demoClass" tests="1" failures="0" timestamp="14 Feb 2017 21:50:05 GMT" time="0.033" errors="0">
  <testcase name="tryMethod" time="0.033" classname="demo.demoClass"/>
</testsuite> <!-- demo.demoClass -->
