<?xml version="1.0" encoding="UTF-8"?>
<!-- Generated by org.testng.reporters.JUnitReportReporter -->
<testsuite hostname="Admin-PC" name="testcases.LoginTestCase6" tests="1" failures="0" timestamp="23 Feb 2017 19:00:11 GMT" time="8.508" errors="0">
  <testcase name="verifyLogin" time="8.508" classname="testcases.LoginTestCase6"/>
</testsuite> <!-- testcases.LoginTestCase6 -->
