<?xml version="1.0" encoding="UTF-8"?>
<!-- Generated by org.testng.reporters.JUnitReportReporter -->
<testsuite hostname="Admin-PC" name="testcases.LoginTestCase4" tests="1" failures="0" timestamp="22 Feb 2017 22:15:29 GMT" time="8.112" errors="0">
  <testcase name="verifyLogin" time="8.112" classname="testcases.LoginTestCase4"/>
</testsuite> <!-- testcases.LoginTestCase4 -->
