<?xml version="1.0" encoding="UTF-8"?>
<!-- Generated by org.testng.reporters.JUnitReportReporter -->
<testsuite hostname="Admin-PC" name="testcases.LoginNegative" tests="1" failures="0" timestamp="23 Feb 2017 20:17:59 GMT" time="5.174" errors="0">
  <testcase name="verifyLogin" time="5.174" classname="testcases.LoginNegative"/>
</testsuite> <!-- testcases.LoginNegative -->
