<?xml version="1.0" encoding="UTF-8"?>
<!-- Generated by org.testng.reporters.JUnitReportReporter -->
<testsuite hostname="Admin-PC" name="testcases.LoginTestCase4" tests="1" failures="0" timestamp="25 Feb 2017 16:06:19 GMT" time="13.189" errors="0">
  <testcase name="verifyLogin" time="13.189" classname="testcases.LoginTestCase4"/>
</testsuite> <!-- testcases.LoginTestCase4 -->
